{"timestamp":"2025-09-10T01:39:22.045022","level":"info","event":"DAG bundles loaded: dags-folder, example_dags","logger":"airflow.dag_processing.bundles.manager.DagBundlesManager"}
{"timestamp":"2025-09-10T01:39:22.045862","level":"info","event":"Filling up the DagBag from /opt/airflow/dags/dag_banvic.py","logger":"airflow.models.dagbag.DagBag"}
{"timestamp":"2025-09-10T01:39:22.503342Z","level":"info","event":"Task instance is in running state","chan":"stdout","logger":"task"}
{"timestamp":"2025-09-10T01:39:22.503970Z","level":"info","event":" Previous state of the Task instance: TaskInstanceState.QUEUED","chan":"stdout","logger":"task"}
{"timestamp":"2025-09-10T01:39:22.504488Z","level":"info","event":"Current task name:extrair_dados_sql","chan":"stdout","logger":"task"}
{"timestamp":"2025-09-10T01:39:22.504777Z","level":"info","event":"Dag name:pipeline_etl_banvic_final","chan":"stdout","logger":"task"}
{"timestamp":"2025-09-10T01:39:22.505197Z","level":"info","event":"Iniciando extração de dados do SQL...","chan":"stdout","logger":"task"}
{"timestamp":"2025-09-10T01:39:22.508674","level":"warning","event":"/home/airflow/.local/lib/python3.12/site-packages/airflow/models/connection.py:471: DeprecationWarning: Using Connection.get_connection_from_secrets from `airflow.models` is deprecated.Please use `get` on Connection from sdk(`airflow.sdk.Connection`) instead\n  warnings.warn(\n","logger":"py.warnings"}
{"timestamp":"2025-09-10T01:39:22.525478","level":"info","event":"Connection Retrieved 'postgres_source'","logger":"airflow.hooks.base"}
{"timestamp":"2025-09-10T01:39:22.530752Z","level":"info","event":"Extraindo tabela: agencias","chan":"stdout","logger":"task"}
{"timestamp":"2025-09-10T01:39:22.756204Z","level":"info","event":"Tabela agencias salva em /opt/airflow/data/output/2025-09-10/sql/agencias.csv","chan":"stdout","logger":"task"}
{"timestamp":"2025-09-10T01:39:22.756906Z","level":"info","event":"Extraindo tabela: clientes","chan":"stdout","logger":"task"}
{"timestamp":"2025-09-10T01:39:22.828936Z","level":"info","event":"Tabela clientes salva em /opt/airflow/data/output/2025-09-10/sql/clientes.csv","chan":"stdout","logger":"task"}
{"timestamp":"2025-09-10T01:39:22.829407Z","level":"info","event":"Extraindo tabela: colaboradores","chan":"stdout","logger":"task"}
{"timestamp":"2025-09-10T01:39:22.855945Z","level":"info","event":"Tabela colaboradores salva em /opt/airflow/data/output/2025-09-10/sql/colaboradores.csv","chan":"stdout","logger":"task"}
{"timestamp":"2025-09-10T01:39:22.856551Z","level":"info","event":"Extraindo tabela: contas","chan":"stdout","logger":"task"}
{"timestamp":"2025-09-10T01:39:22.909974Z","level":"info","event":"Tabela contas salva em /opt/airflow/data/output/2025-09-10/sql/contas.csv","chan":"stdout","logger":"task"}
{"timestamp":"2025-09-10T01:39:22.910670Z","level":"info","event":"Extraindo tabela: propostas_credito","chan":"stdout","logger":"task"}
{"timestamp":"2025-09-10T01:39:22.987124Z","level":"info","event":"Tabela propostas_credito salva em /opt/airflow/data/output/2025-09-10/sql/propostas_credito.csv","chan":"stdout","logger":"task"}
{"timestamp":"2025-09-10T01:39:22.987808Z","level":"info","event":"Extraindo tabela: colaborador_agencia","chan":"stdout","logger":"task"}
{"timestamp":"2025-09-10T01:39:23.006769Z","level":"info","event":"Tabela colaborador_agencia salva em /opt/airflow/data/output/2025-09-10/sql/colaborador_agencia.csv","chan":"stdout","logger":"task"}
{"timestamp":"2025-09-10T01:39:23.007296Z","level":"info","event":"Extração de dados do SQL concluída.","chan":"stdout","logger":"task"}
{"timestamp":"2025-09-10T01:39:23.007370","level":"info","event":"Done. Returned value was: None","logger":"airflow.task.operators.airflow.providers.standard.operators.python.PythonOperator"}
{"timestamp":"2025-09-10T01:39:23.076314Z","level":"info","event":"Task instance in success state","chan":"stdout","logger":"task"}
{"timestamp":"2025-09-10T01:39:23.077101Z","level":"info","event":" Previous state of the Task instance: TaskInstanceState.RUNNING","chan":"stdout","logger":"task"}
{"timestamp":"2025-09-10T01:39:23.077897Z","level":"info","event":"Task operator:<Task(PythonOperator): extrair_dados_sql>","chan":"stdout","logger":"task"}
