{"timestamp":"2025-09-10T01:40:48.609837","level":"info","event":"DAG bundles loaded: dags-folder, example_dags","logger":"airflow.dag_processing.bundles.manager.DagBundlesManager"}
{"timestamp":"2025-09-10T01:40:48.610447","level":"info","event":"Filling up the DagBag from /opt/airflow/dags/dag_banvic.py","logger":"airflow.models.dagbag.DagBag"}
{"timestamp":"2025-09-10T01:40:48.667667Z","level":"info","event":"Task instance is in running state","chan":"stdout","logger":"task"}
{"timestamp":"2025-09-10T01:40:48.670423Z","level":"info","event":" Previous state of the Task instance: TaskInstanceState.QUEUED","chan":"stdout","logger":"task"}
{"timestamp":"2025-09-10T01:40:48.671150Z","level":"info","event":"Current task name:carregar_dados_dw","chan":"stdout","logger":"task"}
{"timestamp":"2025-09-10T01:40:48.671849Z","level":"info","event":"Dag name:pipeline_etl_banvic_final","chan":"stdout","logger":"task"}
{"timestamp":"2025-09-10T01:40:48.672235Z","level":"info","event":"Iniciando carregamento de dados para o Data Warehouse...","chan":"stdout","logger":"task"}
{"timestamp":"2025-09-10T01:40:48.671472","level":"warning","event":"/home/airflow/.local/lib/python3.12/site-packages/airflow/models/connection.py:471: DeprecationWarning: Using Connection.get_connection_from_secrets from `airflow.models` is deprecated.Please use `get` on Connection from sdk(`airflow.sdk.Connection`) instead\n  warnings.warn(\n","logger":"py.warnings"}
{"timestamp":"2025-09-10T01:40:48.683108","level":"info","event":"Connection Retrieved 'postgres_dw'","logger":"airflow.hooks.base"}
{"timestamp":"2025-09-10T01:40:48.690826Z","level":"info","event":"Carregando arquivo transacoes.csv para a tabela transacoes...","chan":"stdout","logger":"task"}
{"timestamp":"2025-09-10T01:40:50.933950Z","level":"info","event":"Carga da tabela transacoes concluída.","chan":"stdout","logger":"task"}
{"timestamp":"2025-09-10T01:40:50.938167Z","level":"info","event":"Carregando arquivo agencias.csv para a tabela agencias...","chan":"stdout","logger":"task"}
{"timestamp":"2025-09-10T01:40:51.040941Z","level":"info","event":"Carga da tabela agencias concluída.","chan":"stdout","logger":"task"}
{"timestamp":"2025-09-10T01:40:51.041844Z","level":"info","event":"Carregando arquivo clientes.csv para a tabela clientes...","chan":"stdout","logger":"task"}
{"timestamp":"2025-09-10T01:40:51.194559Z","level":"info","event":"Carga da tabela clientes concluída.","chan":"stdout","logger":"task"}
{"timestamp":"2025-09-10T01:40:51.195112Z","level":"info","event":"Carregando arquivo colaboradores.csv para a tabela colaboradores...","chan":"stdout","logger":"task"}
{"timestamp":"2025-09-10T01:40:51.301907Z","level":"info","event":"Carga da tabela colaboradores concluída.","chan":"stdout","logger":"task"}
{"timestamp":"2025-09-10T01:40:51.302414Z","level":"info","event":"Carregando arquivo colaborador_agencia.csv para a tabela colaborador_agencia...","chan":"stdout","logger":"task"}
{"timestamp":"2025-09-10T01:40:51.363901Z","level":"info","event":"Carga da tabela colaborador_agencia concluída.","chan":"stdout","logger":"task"}
{"timestamp":"2025-09-10T01:40:51.364430Z","level":"info","event":"Carregando arquivo contas.csv para a tabela contas...","chan":"stdout","logger":"task"}
{"timestamp":"2025-09-10T01:40:51.496788Z","level":"info","event":"Carga da tabela contas concluída.","chan":"stdout","logger":"task"}
{"timestamp":"2025-09-10T01:40:51.497358Z","level":"info","event":"Carregando arquivo propostas_credito.csv para a tabela propostas_credito...","chan":"stdout","logger":"task"}
{"timestamp":"2025-09-10T01:40:51.751288Z","level":"info","event":"Carga da tabela propostas_credito concluída.","chan":"stdout","logger":"task"}
{"timestamp":"2025-09-10T01:40:51.751852Z","level":"info","event":"Carregamento de dados para o Data Warehouse concluído.","chan":"stdout","logger":"task"}
{"timestamp":"2025-09-10T01:40:51.752112","level":"info","event":"Done. Returned value was: None","logger":"airflow.task.operators.airflow.providers.standard.operators.python.PythonOperator"}
{"timestamp":"2025-09-10T01:40:51.778473Z","level":"info","event":"Task instance in success state","chan":"stdout","logger":"task"}
{"timestamp":"2025-09-10T01:40:51.779297Z","level":"info","event":" Previous state of the Task instance: TaskInstanceState.RUNNING","chan":"stdout","logger":"task"}
{"timestamp":"2025-09-10T01:40:51.779913Z","level":"info","event":"Task operator:<Task(PythonOperator): carregar_dados_dw>","chan":"stdout","logger":"task"}
