{"timestamp":"2025-09-10T00:43:05.456549","level":"info","event":"DAG bundles loaded: dags-folder, example_dags","logger":"airflow.dag_processing.bundles.manager.DagBundlesManager"}
{"timestamp":"2025-09-10T00:43:05.457521","level":"info","event":"Filling up the DagBag from /opt/airflow/dags/dag_banvic.py","logger":"airflow.models.dagbag.DagBag"}
{"timestamp":"2025-09-10T00:43:06.282580Z","level":"info","event":"Task instance is in running state","chan":"stdout","logger":"task"}
{"timestamp":"2025-09-10T00:43:06.285038Z","level":"info","event":" Previous state of the Task instance: TaskInstanceState.QUEUED","chan":"stdout","logger":"task"}
{"timestamp":"2025-09-10T00:43:06.286304Z","level":"info","event":"Current task name:extrair_dados_sql","chan":"stdout","logger":"task"}
{"timestamp":"2025-09-10T00:43:06.287396Z","level":"info","event":"Dag name:pipeline_etl_banvic_final","chan":"stdout","logger":"task"}
{"timestamp":"2025-09-10T00:43:06.288958Z","level":"info","event":"Iniciando extração de dados do SQL...","chan":"stdout","logger":"task"}
{"timestamp":"2025-09-10T00:43:06.292344","level":"warning","event":"/home/airflow/.local/lib/python3.12/site-packages/airflow/models/connection.py:471: DeprecationWarning: Using Connection.get_connection_from_secrets from `airflow.models` is deprecated.Please use `get` on Connection from sdk(`airflow.sdk.Connection`) instead\n  warnings.warn(\n","logger":"py.warnings"}
{"timestamp":"2025-09-10T00:43:06.313153","level":"info","event":"Connection Retrieved 'postgres_source'","logger":"airflow.hooks.base"}
{"timestamp":"2025-09-10T00:43:06.318639Z","level":"info","event":"Extraindo tabela: agencias","chan":"stdout","logger":"task"}
{"timestamp":"2025-09-10T00:43:06.604027Z","level":"info","event":"Tabela agencias salva em /opt/airflow/data/output/2025-09-10/sql/agencias.csv","chan":"stdout","logger":"task"}
{"timestamp":"2025-09-10T00:43:06.604807Z","level":"info","event":"Extraindo tabela: clientes","chan":"stdout","logger":"task"}
{"timestamp":"2025-09-10T00:43:06.668243Z","level":"info","event":"Tabela clientes salva em /opt/airflow/data/output/2025-09-10/sql/clientes.csv","chan":"stdout","logger":"task"}
{"timestamp":"2025-09-10T00:43:06.669190Z","level":"info","event":"Extraindo tabela: colaboradores","chan":"stdout","logger":"task"}
{"timestamp":"2025-09-10T00:43:06.686878Z","level":"info","event":"Tabela colaboradores salva em /opt/airflow/data/output/2025-09-10/sql/colaboradores.csv","chan":"stdout","logger":"task"}
{"timestamp":"2025-09-10T00:43:06.687666Z","level":"info","event":"Extraindo tabela: contas","chan":"stdout","logger":"task"}
{"timestamp":"2025-09-10T00:43:06.725097Z","level":"info","event":"Tabela contas salva em /opt/airflow/data/output/2025-09-10/sql/contas.csv","chan":"stdout","logger":"task"}
{"timestamp":"2025-09-10T00:43:06.725824Z","level":"info","event":"Extraindo tabela: propostas_credito","chan":"stdout","logger":"task"}
{"timestamp":"2025-09-10T00:43:06.789456Z","level":"info","event":"Tabela propostas_credito salva em /opt/airflow/data/output/2025-09-10/sql/propostas_credito.csv","chan":"stdout","logger":"task"}
{"timestamp":"2025-09-10T00:43:06.790253Z","level":"info","event":"Extraindo tabela: colaborador_agencia","chan":"stdout","logger":"task"}
{"timestamp":"2025-09-10T00:43:06.797844Z","level":"info","event":"Tabela colaborador_agencia salva em /opt/airflow/data/output/2025-09-10/sql/colaborador_agencia.csv","chan":"stdout","logger":"task"}
{"timestamp":"2025-09-10T00:43:06.798873Z","level":"info","event":"Extração de dados do SQL concluída.","chan":"stdout","logger":"task"}
{"timestamp":"2025-09-10T00:43:06.798755","level":"info","event":"Done. Returned value was: None","logger":"airflow.task.operators.airflow.providers.standard.operators.python.PythonOperator"}
{"timestamp":"2025-09-10T00:43:06.829591Z","level":"info","event":"Task instance in success state","chan":"stdout","logger":"task"}
{"timestamp":"2025-09-10T00:43:06.830363Z","level":"info","event":" Previous state of the Task instance: TaskInstanceState.RUNNING","chan":"stdout","logger":"task"}
{"timestamp":"2025-09-10T00:43:06.830988Z","level":"info","event":"Task operator:<Task(PythonOperator): extrair_dados_sql>","chan":"stdout","logger":"task"}
